<?xml version="1.0" encoding="UTF-8"?>
<testng-results skipped="0" failed="0" ignored="0" total="0" passed="0">
  <reporter-output>
  </reporter-output>
  <suite name="Surefire suite" duration-ms="2197" started-at="2021-04-21T19:29:44 NZST" finished-at="2021-04-21T19:29:46 NZST">
    <groups>
    </groups>
    <test name="Surefire test" duration-ms="2197" started-at="2021-04-21T19:29:44 NZST" finished-at="2021-04-21T19:29:46 NZST">
    </test> <!-- Surefire test -->
  </suite> <!-- Surefire suite -->
</testng-results>
